<?xml version="1.0" encoding="UTF-8"?>
<!-- Generated by org.testng.reporters.JUnitReportReporter -->
<testsuite skipped="0" hostname="TYSS-MF-032" name="helperlib.TestRun" tests="2" failures="0" timestamp="14 Feb 2018 11:23:11 GMT" time="150.866" errors="0">
  <testcase name="feature" time="40.168" classname="helperlib.TestRun"/>
  <testcase name="feature" time="110.698" classname="helperlib.TestRun"/>
</testsuite> <!-- helperlib.TestRun -->
