<?xml version="1.0" encoding="UTF-8"?>
<!-- Generated by org.testng.reporters.JUnitReportReporter -->
<testsuite skipped="0" hostname="TYSS-MF-035" name="com.cucumber.runner.Firefox_TestRunner" tests="1" failures="0" timestamp="14 Mar 2018 12:31:34 GMT" time="97.290" errors="0">
  <testcase name="feature" time="97.290" classname="com.cucumber.runner.Firefox_TestRunner"/>
</testsuite> <!-- com.cucumber.runner.Firefox_TestRunner -->
