<?xml version="1.0" encoding="UTF-8"?>
<!-- Generated by org.testng.reporters.JUnitReportReporter -->
<testsuite skipped="0" hostname="TYSS-MF-035" name="TestRunner.TestRun_Firefox" tests="2" failures="0" timestamp="12 Mar 2018 12:09:56 GMT" time="97.910" errors="0">
  <testcase name="feature" time="61.796" classname="TestRunner.TestRun_Firefox"/>
  <testcase name="feature" time="36.114" classname="TestRunner.TestRun_Firefox"/>
</testsuite> <!-- TestRunner.TestRun_Firefox -->
