<?xml version="1.0" encoding="UTF-8"?>
<!-- Generated by org.testng.reporters.JUnitReportReporter -->
<testsuite skipped="0" hostname="TYSS-MF-032" name="helperlib.TestRun" tests="2" failures="0" timestamp="22 Feb 2018 06:21:35 GMT" time="245.306" errors="0">
  <testcase name="feature" time="121.995" classname="helperlib.TestRun"/>
  <testcase name="feature" time="123.311" classname="helperlib.TestRun"/>
</testsuite> <!-- helperlib.TestRun -->
