<?xml version="1.0" encoding="UTF-8"?>
<!-- Generated by org.testng.reporters.JUnitReportReporter -->
<testsuite skipped="0" hostname="TYSS-MF-032" name="helperlib.TestRun" tests="2" failures="0" timestamp="15 Feb 2018 13:09:03 GMT" time="79.933" errors="0">
  <testcase name="feature" time="42.706" classname="helperlib.TestRun"/>
  <testcase name="feature" time="37.227" classname="helperlib.TestRun"/>
</testsuite> <!-- helperlib.TestRun -->
